INFO - 06/09/24 11:51:57 - 0:00:00 - batch_sz: 32
                                     bert_model: bert-base-uncased
                                     data_path: /data/rensisi/HMCAN/MTTV/data/gossip
                                     drop_img_percent: 0.0
                                     dropout: 0.1
                                     embed_sz: 300
                                     encoder_layer_num: 6
                                     global_image_embeds: 5
                                     gradient_accumulation_steps: 20
                                     hidden: []
                                     hidden_sz: 768
                                     img_embed_pool_type: avg
                                     img_hidden_sz: 2048
                                     include_bn: True
                                     label_type: 2_way_label
                                     load_checkpoint_path: 
                                     lr: 0.0001
                                     lr_factor: 0.5
                                     lr_patience: 2
                                     max_epochs: 20
                                     max_seq_len: 128
                                     model: mttv
                                     n_workers: 1
                                     name: fakeddit_2_way
                                     num_image_embeds: 25
                                     patience: 10
                                     region_image_embeds: 20
                                     savedir: ./save_lstm/fakeddit_2_way
                                     seed: 1
                                     task: v3-1_style_based_fake
                                     warmup: 0.1
                                     weight_classes: 1
DEBUG - 06/09/24 11:51:57 - 0:00:00 - Starting new HTTPS connection (1): s3.amazonaws.com:443
DEBUG - 06/09/24 11:52:01 - 0:00:04 - https://s3.amazonaws.com:443 "HEAD /models.huggingface.co/bert/bert-base-uncased-vocab.txt HTTP/1.1" 200 0
INFO - 06/09/24 11:52:01 - 0:00:04 - loading vocabulary file https://s3.amazonaws.com/models.huggingface.co/bert/bert-base-uncased-vocab.txt from cache at /data/rensisi/.pytorch_pretrained_bert/26bc1ad6c0ac742e9b52263248f6d0f00068293b33709fae12320c0e35ccfbbb.542ce4285a40d23a559526243235df47c5f75c197f04f37d1a0c124c32c9a084
DEBUG - 06/09/24 11:52:01 - 0:00:05 - Starting new HTTPS connection (1): s3.amazonaws.com:443
DEBUG - 06/09/24 11:52:03 - 0:00:06 - https://s3.amazonaws.com:443 "HEAD /models.huggingface.co/bert/bert-base-uncased-vocab.txt HTTP/1.1" 200 0
INFO - 06/09/24 11:52:03 - 0:00:06 - loading vocabulary file https://s3.amazonaws.com/models.huggingface.co/bert/bert-base-uncased-vocab.txt from cache at /data/rensisi/.pytorch_pretrained_bert/26bc1ad6c0ac742e9b52263248f6d0f00068293b33709fae12320c0e35ccfbbb.542ce4285a40d23a559526243235df47c5f75c197f04f37d1a0c124c32c9a084
DEBUG - 06/09/24 11:52:04 - 0:00:07 - Starting new HTTPS connection (1): s3.amazonaws.com:443
DEBUG - 06/09/24 11:52:07 - 0:00:10 - https://s3.amazonaws.com:443 "HEAD /models.huggingface.co/bert/bert-base-uncased.tar.gz HTTP/1.1" 200 0
INFO - 06/09/24 11:52:07 - 0:00:10 - loading archive file https://s3.amazonaws.com/models.huggingface.co/bert/bert-base-uncased.tar.gz from cache at /data/rensisi/.pytorch_pretrained_bert/9c41111e2de84547a463fd39217199738d1e3deb72d4fec4399e6e241983c6f0.ae3cef932725ca7a30cdcb93fc6e09150a55e2a130ec7af63975a16c153ae2ba
INFO - 06/09/24 11:52:07 - 0:00:10 - extracting archive file /data/rensisi/.pytorch_pretrained_bert/9c41111e2de84547a463fd39217199738d1e3deb72d4fec4399e6e241983c6f0.ae3cef932725ca7a30cdcb93fc6e09150a55e2a130ec7af63975a16c153ae2ba to temp dir /tmp/tmp61peu0xn
INFO - 06/09/24 11:52:10 - 0:00:13 - Model config {
                                       "attention_probs_dropout_prob": 0.1,
                                       "hidden_act": "gelu",
                                       "hidden_dropout_prob": 0.1,
                                       "hidden_size": 768,
                                       "initializer_range": 0.02,
                                       "intermediate_size": 3072,
                                       "max_position_embeddings": 512,
                                       "num_attention_heads": 12,
                                       "num_hidden_layers": 12,
                                       "type_vocab_size": 2,
                                       "vocab_size": 30522
                                     }
                                     
INFO - 06/09/24 11:52:15 - 0:00:18 - Training..
INFO - 06/09/24 11:52:15 - 0:00:18 - Epoch	1
INFO - 06/09/24 13:00:40 - 0:00:00 - batch_sz: 32
                                     bert_model: bert-base-uncased
                                     data_path: /data/rensisi/HMCAN/MTTV/data/gossip
                                     drop_img_percent: 0.0
                                     dropout: 0.1
                                     embed_sz: 300
                                     encoder_layer_num: 6
                                     global_image_embeds: 5
                                     gradient_accumulation_steps: 20
                                     hidden: []
                                     hidden_sz: 768
                                     img_embed_pool_type: avg
                                     img_hidden_sz: 2048
                                     include_bn: True
                                     label_type: 2_way_label
                                     load_checkpoint_path: 
                                     lr: 0.0001
                                     lr_factor: 0.5
                                     lr_patience: 2
                                     max_epochs: 20
                                     max_seq_len: 128
                                     model: mttv
                                     n_workers: 1
                                     name: fakeddit_2_way
                                     num_image_embeds: 25
                                     patience: 10
                                     region_image_embeds: 20
                                     savedir: ./save_lstm/fakeddit_2_way
                                     seed: 1
                                     task: v3-1_style_based_fake
                                     warmup: 0.1
                                     weight_classes: 1
DEBUG - 06/09/24 13:00:40 - 0:00:00 - Starting new HTTPS connection (1): s3.amazonaws.com:443
DEBUG - 06/09/24 13:00:42 - 0:00:02 - https://s3.amazonaws.com:443 "HEAD /models.huggingface.co/bert/bert-base-uncased-vocab.txt HTTP/1.1" 200 0
INFO - 06/09/24 13:00:42 - 0:00:02 - loading vocabulary file https://s3.amazonaws.com/models.huggingface.co/bert/bert-base-uncased-vocab.txt from cache at /data/rensisi/.pytorch_pretrained_bert/26bc1ad6c0ac742e9b52263248f6d0f00068293b33709fae12320c0e35ccfbbb.542ce4285a40d23a559526243235df47c5f75c197f04f37d1a0c124c32c9a084
DEBUG - 06/09/24 13:00:43 - 0:00:02 - Starting new HTTPS connection (1): s3.amazonaws.com:443
DEBUG - 06/09/24 13:00:44 - 0:00:04 - https://s3.amazonaws.com:443 "HEAD /models.huggingface.co/bert/bert-base-uncased-vocab.txt HTTP/1.1" 200 0
INFO - 06/09/24 13:00:44 - 0:00:04 - loading vocabulary file https://s3.amazonaws.com/models.huggingface.co/bert/bert-base-uncased-vocab.txt from cache at /data/rensisi/.pytorch_pretrained_bert/26bc1ad6c0ac742e9b52263248f6d0f00068293b33709fae12320c0e35ccfbbb.542ce4285a40d23a559526243235df47c5f75c197f04f37d1a0c124c32c9a084
DEBUG - 06/09/24 13:00:45 - 0:00:04 - Starting new HTTPS connection (1): s3.amazonaws.com:443
DEBUG - 06/09/24 13:00:47 - 0:00:06 - https://s3.amazonaws.com:443 "HEAD /models.huggingface.co/bert/bert-base-uncased.tar.gz HTTP/1.1" 200 0
INFO - 06/09/24 13:00:47 - 0:00:06 - loading archive file https://s3.amazonaws.com/models.huggingface.co/bert/bert-base-uncased.tar.gz from cache at /data/rensisi/.pytorch_pretrained_bert/9c41111e2de84547a463fd39217199738d1e3deb72d4fec4399e6e241983c6f0.ae3cef932725ca7a30cdcb93fc6e09150a55e2a130ec7af63975a16c153ae2ba
INFO - 06/09/24 13:00:47 - 0:00:06 - extracting archive file /data/rensisi/.pytorch_pretrained_bert/9c41111e2de84547a463fd39217199738d1e3deb72d4fec4399e6e241983c6f0.ae3cef932725ca7a30cdcb93fc6e09150a55e2a130ec7af63975a16c153ae2ba to temp dir /tmp/tmp5epb3zgs
INFO - 06/09/24 13:00:50 - 0:00:09 - Model config {
                                       "attention_probs_dropout_prob": 0.1,
                                       "hidden_act": "gelu",
                                       "hidden_dropout_prob": 0.1,
                                       "hidden_size": 768,
                                       "initializer_range": 0.02,
                                       "intermediate_size": 3072,
                                       "max_position_embeddings": 512,
                                       "num_attention_heads": 12,
                                       "num_hidden_layers": 12,
                                       "type_vocab_size": 2,
                                       "vocab_size": 30522
                                     }
                                     
INFO - 06/09/24 13:00:54 - 0:00:13 - Training..
INFO - 06/09/24 13:00:54 - 0:00:13 - Epoch	1
INFO - 06/09/24 13:09:55 - 0:09:14 - Train Loss: 0.0298
INFO - 06/09/24 13:09:55 - 0:09:14 - Val: Loss: 0.54428 | Acc: 0.76718
INFO - 06/09/24 13:10:55 - 0:10:14 - Test: Loss: 0.51823 | Acc: 0.78669
INFO - 06/09/24 13:10:58 - 0:10:18 - Epoch	2
INFO - 06/09/24 13:20:49 - 0:20:08 - Train Loss: 0.0266
INFO - 06/09/24 13:20:49 - 0:20:08 - Val: Loss: 0.54534 | Acc: 0.76718
INFO - 06/09/24 13:21:55 - 0:21:15 - Test: Loss: 0.51829 | Acc: 0.78669
INFO - 06/09/24 13:21:58 - 0:21:17 - Epoch	3
INFO - 06/09/24 13:31:49 - 0:31:09 - Train Loss: 0.0266
INFO - 06/09/24 13:31:49 - 0:31:09 - Val: Loss: 0.53914 | Acc: 0.76718
INFO - 06/09/24 13:32:56 - 0:32:16 - Test: Loss: 0.51488 | Acc: 0.78669
INFO - 06/09/24 13:32:59 - 0:32:18 - Epoch	4
INFO - 06/09/24 13:42:53 - 0:42:13 - Train Loss: 0.0258
INFO - 06/09/24 13:42:53 - 0:42:13 - Val: Loss: 0.51971 | Acc: 0.76718
INFO - 06/09/24 13:43:54 - 0:43:13 - Test: Loss: 0.50118 | Acc: 0.78669
INFO - 06/09/24 13:43:56 - 0:43:16 - Epoch	5
INFO - 06/09/24 13:53:51 - 0:53:10 - Train Loss: 0.0252
INFO - 06/09/24 13:53:51 - 0:53:10 - Val: Loss: 0.50865 | Acc: 0.76718
INFO - 06/09/24 13:55:04 - 0:54:23 - Test: Loss: 0.49598 | Acc: 0.78669
INFO - 06/09/24 13:55:06 - 0:54:26 - Epoch	6
INFO - 06/09/24 14:07:59 - 1:07:19 - Train Loss: 0.0249
INFO - 06/09/24 14:07:59 - 1:07:19 - Val: Loss: 0.50354 | Acc: 0.76718
INFO - 06/09/24 14:09:06 - 1:08:25 - Test: Loss: 0.49301 | Acc: 0.78669
INFO - 06/09/24 14:09:08 - 1:08:28 - Epoch	7
INFO - 06/09/24 14:20:46 - 1:20:05 - Train Loss: 0.0248
INFO - 06/09/24 14:20:46 - 1:20:05 - Val: Loss: 0.50017 | Acc: 0.76718
INFO - 06/09/24 14:22:13 - 1:21:32 - Test: Loss: 0.49168 | Acc: 0.78669
INFO - 06/09/24 14:22:15 - 1:21:35 - Epoch	8
INFO - 06/09/24 14:35:38 - 1:34:57 - Train Loss: 0.0246
INFO - 06/09/24 14:35:38 - 1:34:57 - Val: Loss: 0.49777 | Acc: 0.76718
INFO - 06/09/24 14:37:04 - 1:36:23 - Test: Loss: 0.48897 | Acc: 0.78757
INFO - 06/09/24 14:37:13 - 1:36:32 - Epoch	9
INFO - 06/09/24 14:47:06 - 0:00:00 - batch_sz: 32
                                     bert_model: bert-base-uncased
                                     data_path: /data/rensisi/HMCAN/MTTV/data/gossip
                                     drop_img_percent: 0.0
                                     dropout: 0.1
                                     embed_sz: 300
                                     encoder_layer_num: 6
                                     global_image_embeds: 5
                                     gradient_accumulation_steps: 20
                                     hidden: []
                                     hidden_sz: 768
                                     img_embed_pool_type: avg
                                     img_hidden_sz: 2048
                                     include_bn: True
                                     label_type: 2_way_label
                                     load_checkpoint_path: 
                                     lr: 0.0001
                                     lr_factor: 0.5
                                     lr_patience: 2
                                     max_epochs: 20
                                     max_seq_len: 128
                                     model: mttv
                                     n_workers: 1
                                     name: fakeddit_2_way
                                     num_image_embeds: 25
                                     patience: 10
                                     region_image_embeds: 20
                                     savedir: ./save_lstm/fakeddit_2_way
                                     seed: 1
                                     task: v3-1_style_based_fake
                                     warmup: 0.1
                                     weight_classes: 1
DEBUG - 06/09/24 14:47:06 - 0:00:00 - Starting new HTTPS connection (1): s3.amazonaws.com:443
DEBUG - 06/09/24 14:47:08 - 0:00:01 - https://s3.amazonaws.com:443 "HEAD /models.huggingface.co/bert/bert-base-uncased-vocab.txt HTTP/1.1" 200 0
INFO - 06/09/24 14:47:08 - 0:00:01 - loading vocabulary file https://s3.amazonaws.com/models.huggingface.co/bert/bert-base-uncased-vocab.txt from cache at /data/rensisi/.pytorch_pretrained_bert/26bc1ad6c0ac742e9b52263248f6d0f00068293b33709fae12320c0e35ccfbbb.542ce4285a40d23a559526243235df47c5f75c197f04f37d1a0c124c32c9a084
DEBUG - 06/09/24 14:47:08 - 0:00:02 - Starting new HTTPS connection (1): s3.amazonaws.com:443
DEBUG - 06/09/24 14:47:09 - 0:00:03 - https://s3.amazonaws.com:443 "HEAD /models.huggingface.co/bert/bert-base-uncased-vocab.txt HTTP/1.1" 200 0
INFO - 06/09/24 14:47:09 - 0:00:03 - loading vocabulary file https://s3.amazonaws.com/models.huggingface.co/bert/bert-base-uncased-vocab.txt from cache at /data/rensisi/.pytorch_pretrained_bert/26bc1ad6c0ac742e9b52263248f6d0f00068293b33709fae12320c0e35ccfbbb.542ce4285a40d23a559526243235df47c5f75c197f04f37d1a0c124c32c9a084
DEBUG - 06/09/24 14:47:10 - 0:00:03 - Starting new HTTPS connection (1): s3.amazonaws.com:443
DEBUG - 06/09/24 14:47:11 - 0:00:05 - https://s3.amazonaws.com:443 "HEAD /models.huggingface.co/bert/bert-base-uncased.tar.gz HTTP/1.1" 200 0
INFO - 06/09/24 14:47:11 - 0:00:05 - loading archive file https://s3.amazonaws.com/models.huggingface.co/bert/bert-base-uncased.tar.gz from cache at /data/rensisi/.pytorch_pretrained_bert/9c41111e2de84547a463fd39217199738d1e3deb72d4fec4399e6e241983c6f0.ae3cef932725ca7a30cdcb93fc6e09150a55e2a130ec7af63975a16c153ae2ba
INFO - 06/09/24 14:47:11 - 0:00:05 - extracting archive file /data/rensisi/.pytorch_pretrained_bert/9c41111e2de84547a463fd39217199738d1e3deb72d4fec4399e6e241983c6f0.ae3cef932725ca7a30cdcb93fc6e09150a55e2a130ec7af63975a16c153ae2ba to temp dir /tmp/tmpbjz3_x1d
INFO - 06/09/24 14:47:14 - 0:00:08 - Model config {
                                       "attention_probs_dropout_prob": 0.1,
                                       "hidden_act": "gelu",
                                       "hidden_dropout_prob": 0.1,
                                       "hidden_size": 768,
                                       "initializer_range": 0.02,
                                       "intermediate_size": 3072,
                                       "max_position_embeddings": 512,
                                       "num_attention_heads": 12,
                                       "num_hidden_layers": 12,
                                       "type_vocab_size": 2,
                                       "vocab_size": 30522
                                     }
                                     
INFO - 06/09/24 14:47:18 - 0:00:12 - Training..
INFO - 06/09/24 14:47:18 - 0:00:12 - Epoch	1
INFO - 06/09/24 14:59:22 - 0:12:15 - Train Loss: 0.0298
INFO - 06/09/24 14:59:22 - 0:12:15 - Val: Loss: 0.54428 | Acc: 0.76718
INFO - 06/09/24 15:00:52 - 0:13:46 - Test: Loss: 0.51823 | Acc: 0.78669
INFO - 06/09/24 15:01:19 - 0:14:13 - Epoch	2
INFO - 06/09/24 15:14:45 - 0:27:39 - Train Loss: 0.0266
INFO - 06/09/24 15:14:45 - 0:27:39 - Val: Loss: 0.54534 | Acc: 0.76718
INFO - 06/09/24 15:16:13 - 0:29:07 - Test: Loss: 0.51829 | Acc: 0.78669
INFO - 06/09/24 15:16:23 - 0:29:16 - Epoch	3
INFO - 06/09/24 15:30:17 - 0:43:10 - Train Loss: 0.0266
INFO - 06/09/24 15:30:17 - 0:43:10 - Val: Loss: 0.53914 | Acc: 0.76718
INFO - 06/09/24 15:31:23 - 0:44:17 - Test: Loss: 0.51488 | Acc: 0.78669
INFO - 06/09/24 15:31:35 - 0:44:29 - Epoch	4
INFO - 06/09/24 15:41:33 - 0:54:27 - Train Loss: 0.0258
INFO - 06/09/24 15:41:33 - 0:54:27 - Val: Loss: 0.51971 | Acc: 0.76718
INFO - 06/09/24 15:42:32 - 0:55:25 - Test: Loss: 0.50118 | Acc: 0.78669
INFO - 06/09/24 15:42:40 - 0:55:33 - Epoch	5
INFO - 06/09/24 15:52:47 - 1:05:41 - Train Loss: 0.0252
INFO - 06/09/24 15:52:47 - 1:05:41 - Val: Loss: 0.50865 | Acc: 0.76718
INFO - 06/09/24 15:53:53 - 1:06:47 - Test: Loss: 0.49598 | Acc: 0.78669
INFO - 06/09/24 15:54:03 - 1:06:57 - Epoch	6
INFO - 06/09/24 16:03:57 - 1:16:51 - Train Loss: 0.0249
INFO - 06/09/24 16:03:57 - 1:16:51 - Val: Loss: 0.50354 | Acc: 0.76718
INFO - 06/09/24 16:05:04 - 1:17:57 - Test: Loss: 0.49301 | Acc: 0.78669
INFO - 06/09/24 16:05:14 - 1:18:07 - Epoch	7
INFO - 06/09/24 16:15:07 - 1:28:01 - Train Loss: 0.0248
INFO - 06/09/24 16:15:07 - 1:28:01 - Val: Loss: 0.50017 | Acc: 0.76718
INFO - 06/09/24 16:16:13 - 1:29:07 - Test: Loss: 0.49168 | Acc: 0.78669
INFO - 06/09/24 16:16:22 - 1:29:15 - Epoch	8
INFO - 06/09/24 16:26:20 - 1:39:14 - Train Loss: 0.0246
INFO - 06/09/24 16:26:20 - 1:39:14 - Val: Loss: 0.49777 | Acc: 0.76718
INFO - 06/09/24 16:27:26 - 1:40:20 - Test: Loss: 0.48897 | Acc: 0.78757
INFO - 06/09/24 16:27:41 - 1:40:35 - Epoch	9
INFO - 06/09/24 16:37:34 - 1:50:27 - Train Loss: 0.0244
INFO - 06/09/24 16:37:34 - 1:50:27 - Val: Loss: 0.49400 | Acc: 0.77436
INFO - 06/09/24 16:38:40 - 1:51:34 - Test: Loss: 0.48730 | Acc: 0.78863
INFO - 06/09/24 16:38:49 - 1:51:43 - Epoch	10
INFO - 06/09/24 16:48:42 - 2:01:36 - Train Loss: 0.0242
INFO - 06/09/24 16:48:42 - 2:01:36 - Val: Loss: 0.48981 | Acc: 0.77795
INFO - 06/09/24 16:49:49 - 2:02:42 - Test: Loss: 0.48439 | Acc: 0.79057
INFO - 06/09/24 16:50:00 - 2:02:53 - Epoch	11
INFO - 06/09/24 16:59:55 - 2:12:49 - Train Loss: 0.0241
INFO - 06/09/24 16:59:55 - 2:12:49 - Val: Loss: 0.48572 | Acc: 0.78179
INFO - 06/09/24 17:01:01 - 2:13:55 - Test: Loss: 0.48261 | Acc: 0.79145
INFO - 06/09/24 17:01:13 - 2:14:06 - Epoch	12
INFO - 06/09/24 17:11:10 - 2:24:04 - Train Loss: 0.0240
INFO - 06/09/24 17:11:10 - 2:24:04 - Val: Loss: 0.48088 | Acc: 0.78179
INFO - 06/09/24 17:12:13 - 2:25:06 - Test: Loss: 0.48124 | Acc: 0.79287
INFO - 06/09/24 17:12:22 - 2:25:15 - Epoch	13
INFO - 06/09/24 17:22:18 - 2:35:12 - Train Loss: 0.0238
INFO - 06/09/24 17:22:18 - 2:35:12 - Val: Loss: 0.47740 | Acc: 0.79051
INFO - 06/09/24 17:23:24 - 2:36:18 - Test: Loss: 0.48213 | Acc: 0.79463
INFO - 06/09/24 17:23:33 - 2:36:27 - Epoch	14
INFO - 06/09/24 17:33:30 - 2:46:24 - Train Loss: 0.0236
INFO - 06/09/24 17:33:30 - 2:46:24 - Val: Loss: 0.47376 | Acc: 0.79359
INFO - 06/09/24 17:34:37 - 2:47:30 - Test: Loss: 0.47784 | Acc: 0.79498
INFO - 06/09/24 17:34:46 - 2:47:40 - Epoch	15
INFO - 06/09/24 17:44:39 - 2:57:32 - Train Loss: 0.0234
INFO - 06/09/24 17:44:39 - 2:57:32 - Val: Loss: 0.46870 | Acc: 0.79769
INFO - 06/09/24 17:45:19 - 2:58:12 - Test: Loss: 0.47918 | Acc: 0.79181
INFO - 06/09/24 17:45:21 - 2:58:15 - Epoch	16
INFO - 06/09/24 17:50:49 - 3:03:43 - Train Loss: 0.0233
INFO - 06/09/24 17:50:49 - 3:03:43 - Val: Loss: 0.46971 | Acc: 0.79795
INFO - 06/09/24 17:51:31 - 3:04:25 - Test: Loss: 0.48407 | Acc: 0.78616
INFO - 06/09/24 17:51:34 - 3:04:27 - Epoch	17
INFO - 06/09/24 17:57:04 - 3:09:57 - Train Loss: 0.0233
INFO - 06/09/24 17:57:04 - 3:09:57 - Val: Loss: 0.46264 | Acc: 0.80385
INFO - 06/09/24 17:57:46 - 3:10:39 - Test: Loss: 0.47384 | Acc: 0.79763
INFO - 06/09/24 17:57:56 - 3:10:49 - Epoch	18
INFO - 06/09/24 18:03:26 - 3:16:19 - Train Loss: 0.0230
INFO - 06/09/24 18:03:26 - 3:16:19 - Val: Loss: 0.46057 | Acc: 0.80359
INFO - 06/09/24 18:04:08 - 3:17:01 - Test: Loss: 0.47252 | Acc: 0.79763
INFO - 06/09/24 18:04:10 - 3:17:04 - Epoch	19
INFO - 06/09/24 18:09:38 - 3:22:32 - Train Loss: 0.0230
INFO - 06/09/24 18:09:38 - 3:22:32 - Val: Loss: 0.46217 | Acc: 0.80000
INFO - 06/09/24 18:10:18 - 3:23:12 - Test: Loss: 0.47125 | Acc: 0.79834
INFO - 06/09/24 18:10:27 - 3:23:20 - Epoch	20
INFO - 06/09/24 18:15:57 - 3:28:51 - Train Loss: 0.0229
INFO - 06/09/24 18:15:57 - 3:28:51 - Val: Loss: 0.45884 | Acc: 0.80590
INFO - 06/09/24 18:16:40 - 3:29:33 - Test: Loss: 0.47219 | Acc: 0.79852
